<?xml version="1.0" encoding="UTF-8"?>
<!-- Generated by org.testng.reporters.JUnitReportReporter -->
<testsuite hostname="HP" failures="0" tests="2" name="pom.actitime.testcases.TC_01_ActitimeLoginLogout" time="16.273" errors="0" timestamp="2023-08-06T08:27:36 IST" skipped="0">
  <testcase classname="pom.actitime.testcases.TC_01_ActitimeLoginLogout" name="loginlogout" time="10.219"/>
  <system-out/>
  <testcase classname="pom.actitime.testcases.TC_01_ActitimeLoginLogout" name="titlevalidation" time="6.054"/>
  <system-out/>
</testsuite> <!-- pom.actitime.testcases.TC_01_ActitimeLoginLogout -->
