<?xml version="1.0" encoding="UTF-8"?>
<!-- Generated by org.testng.reporters.JUnitReportReporter -->
<testsuite hostname="HP" failures="0" tests="2" name="pom.actitime.testcases.TC_01_ActitimeLoginLogout" time="15.409" errors="0" timestamp="2023-08-06T09:05:17 IST" skipped="0">
  <testcase classname="pom.actitime.testcases.TC_01_ActitimeLoginLogout" name="loginlogout" time="9.846"/>
  <testcase classname="pom.actitime.testcases.TC_01_ActitimeLoginLogout" name="titlevalidation" time="5.563"/>
  <system-out>
    <![CDATA[execution started
execution completed]]>
  </system-out>
</testsuite> <!-- pom.actitime.testcases.TC_01_ActitimeLoginLogout -->
